Error in <TCling::RegisterModule>: cannot find dictionary module AculDataCint_rdict.pcm
Error in <TCling::RegisterModule>: cannot find dictionary module TELossCint_rdict.pcm
In file included from input_line_11:1:
/home/ivan/work/macro/be10_Nov/parallel/calcEnergies/calcEnergies.C:90:39: error: use of undeclared identifier 'nCsI_track'
  ch->SetBranchAddress("nCsI_track.",&nCsI_track);
                                      ^
/home/ivan/work/macro/be10_Nov/parallel/calcEnergies/calcEnergies.C:91:33: error: use of undeclared identifier 'arCsI'
  ch->SetBranchAddress("arCsI",&arCsI);
                                ^
/home/ivan/work/macro/be10_Nov/parallel/calcEnergies/calcEnergies.C:92:33: error: use of undeclared identifier 'trCsI'
  ch->SetBranchAddress("trCsI",&trCsI);
                                ^
/home/ivan/work/macro/be10_Nov/parallel/calcEnergies/calcEnergies.C:220:29: error: use of undeclared identifier 'nCsI_track'
  tw->Branch("nCsI_track.",&nCsI_track,"nCsI_track/I");
                            ^
/home/ivan/work/macro/be10_Nov/parallel/calcEnergies/calcEnergies.C:221:23: error: use of undeclared identifier 'arCsI'
  tw->Branch("arCsI",&arCsI,"arCsI[16]/F");
                      ^
/home/ivan/work/macro/be10_Nov/parallel/calcEnergies/calcEnergies.C:222:23: error: use of undeclared identifier 'trCsI'
  tw->Branch("trCsI",&trCsI,"trCsI[16]/F");
                      ^
Error in <TInterpreter::AutoParse>: Error parsing payload code for class TELoss with content:

#line 1 "TELossCint dictionary payload"

#ifndef G__VECTOR_HAS_CLASS_ITERATOR
  #define G__VECTOR_HAS_CLASS_ITERATOR 1
#endif

#define _BACKWARD_BACKWARD_WARNING_H
#include "TELoss/TELoss.h"

#undef  _BACKWARD_BACKWARD_WARNING_H

/home/ivan/work/macro/be10_Nov/parallel/calcEnergies/calcEnergies.C:356:19: error: member access into incomplete type 'TELoss'
      e_1 = f3HeSi->GetE0(e_1,thickness);
                  ^
TELossCint dictionary forward declarations' payload:5:68: note: forward declaration of 'TELoss'
class __attribute__((annotate("$clingAutoload$TELoss/TELoss.h")))  TELoss;
                                                                   ^
In file included from input_line_11:1:
/home/ivan/work/macro/be10_Nov/parallel/calcEnergies/calcEnergies.C:360:22: error: member access into incomplete type 'TELoss'
      e_1 = f3HeMylar->GetE0(e_1,thickness);
                     ^
TELossCint dictionary forward declarations' payload:5:68: note: forward declaration of 'TELoss'
class __attribute__((annotate("$clingAutoload$TELoss/TELoss.h")))  TELoss;
                                                                   ^
In file included from input_line_11:1:
/home/ivan/work/macro/be10_Nov/parallel/calcEnergies/calcEnergies.C:364:22: error: member access into incomplete type 'TELoss'
      e_1 = f3HeSteel->GetE0(e_1,thickness);
                     ^
TELossCint dictionary forward declarations' payload:5:68: note: forward declaration of 'TELoss'
class __attribute__((annotate("$clingAutoload$TELoss/TELoss.h")))  TELoss;
                                                                   ^
In file included from input_line_11:1:
/home/ivan/work/macro/be10_Nov/parallel/calcEnergies/calcEnergies.C:368:23: error: member access into incomplete type 'TELoss'
      e_1 = f3HeTarget->GetE0(e_1,thickness);
                      ^
TELossCint dictionary forward declarations' payload:5:68: note: forward declaration of 'TELoss'
class __attribute__((annotate("$clingAutoload$TELoss/TELoss.h")))  TELoss;
                                                                   ^
In file included from input_line_11:1:
/home/ivan/work/macro/be10_Nov/parallel/calcEnergies/calcEnergies.C:377:19: error: member access into incomplete type 'TELoss'
      e_2 = f3HeSi->GetE0(e_2,thickness);
                  ^
TELossCint dictionary forward declarations' payload:5:68: note: forward declaration of 'TELoss'
class __attribute__((annotate("$clingAutoload$TELoss/TELoss.h")))  TELoss;
                                                                   ^
In file included from input_line_11:1:
/home/ivan/work/macro/be10_Nov/parallel/calcEnergies/calcEnergies.C:381:22: error: member access into incomplete type 'TELoss'
      e_2 = f3HeMylar->GetE0(e_2,thickness);
                     ^
TELossCint dictionary forward declarations' payload:5:68: note: forward declaration of 'TELoss'
class __attribute__((annotate("$clingAutoload$TELoss/TELoss.h")))  TELoss;
                                                                   ^
In file included from input_line_11:1:
/home/ivan/work/macro/be10_Nov/parallel/calcEnergies/calcEnergies.C:385:22: error: member access into incomplete type 'TELoss'
      e_2 = f3HeSteel->GetE0(e_2,thickness);
                     ^
TELossCint dictionary forward declarations' payload:5:68: note: forward declaration of 'TELoss'
class __attribute__((annotate("$clingAutoload$TELoss/TELoss.h")))  TELoss;
                                                                   ^
In file included from input_line_11:1:
/home/ivan/work/macro/be10_Nov/parallel/calcEnergies/calcEnergies.C:389:23: error: member access into incomplete type 'TELoss'
      e_2 = f3HeTarget->GetE0(e_2,thickness);
                      ^
TELossCint dictionary forward declarations' payload:5:68: note: forward declaration of 'TELoss'
class __attribute__((annotate("$clingAutoload$TELoss/TELoss.h")))  TELoss;
                                                                   ^
In file included from input_line_11:1:
/home/ivan/work/macro/be10_Nov/parallel/calcEnergies/calcEnergies.C:400:19: error: member access into incomplete type 'TELoss'
      e_3 = f3HeSi->GetE0(e_3,thickness);    
                  ^
TELossCint dictionary forward declarations' payload:5:68: note: forward declaration of 'TELoss'
class __attribute__((annotate("$clingAutoload$TELoss/TELoss.h")))  TELoss;
                                                                   ^
In file included from input_line_11:1:
/home/ivan/work/macro/be10_Nov/parallel/calcEnergies/calcEnergies.C:404:22: error: member access into incomplete type 'TELoss'
      e_3 = f3HeMylar->GetE0(e_3,thickness);
                     ^
TELossCint dictionary forward declarations' payload:5:68: note: forward declaration of 'TELoss'
class __attribute__((annotate("$clingAutoload$TELoss/TELoss.h")))  TELoss;
                                                                   ^
In file included from input_line_11:1:
/home/ivan/work/macro/be10_Nov/parallel/calcEnergies/calcEnergies.C:408:22: error: member access into incomplete type 'TELoss'
      e_3 = f3HeSteel->GetE0(e_3,thickness);
                     ^
TELossCint dictionary forward declarations' payload:5:68: note: forward declaration of 'TELoss'
class __attribute__((annotate("$clingAutoload$TELoss/TELoss.h")))  TELoss;
                                                                   ^
In file included from input_line_11:1:
/home/ivan/work/macro/be10_Nov/parallel/calcEnergies/calcEnergies.C:412:23: error: member access into incomplete type 'TELoss'
      e_3 = f3HeTarget->GetE0(e_3,thickness);
                      ^
TELossCint dictionary forward declarations' payload:5:68: note: forward declaration of 'TELoss'
class __attribute__((annotate("$clingAutoload$TELoss/TELoss.h")))  TELoss;
                                                                   ^
In file included from input_line_11:1:
/home/ivan/work/macro/be10_Nov/parallel/calcEnergies/calcEnergies.C:423:19: error: member access into incomplete type 'TELoss'
      e_4 = f3HeSi->GetE0(e_4,thickness);   
                  ^
TELossCint dictionary forward declarations' payload:5:68: note: forward declaration of 'TELoss'
class __attribute__((annotate("$clingAutoload$TELoss/TELoss.h")))  TELoss;
                                                                   ^
In file included from input_line_11:1:
/home/ivan/work/macro/be10_Nov/parallel/calcEnergies/calcEnergies.C:427:22: error: member access into incomplete type 'TELoss'
      e_4 = f3HeMylar->GetE0(e_4,thickness);
                     ^
TELossCint dictionary forward declarations' payload:5:68: note: forward declaration of 'TELoss'
class __attribute__((annotate("$clingAutoload$TELoss/TELoss.h")))  TELoss;
                                                                   ^
In file included from input_line_11:1:
/home/ivan/work/macro/be10_Nov/parallel/calcEnergies/calcEnergies.C:431:22: error: member access into incomplete type 'TELoss'
      e_4 = f3HeSteel->GetE0(e_4,thickness);
                     ^
TELossCint dictionary forward declarations' payload:5:68: note: forward declaration of 'TELoss'
class __attribute__((annotate("$clingAutoload$TELoss/TELoss.h")))  TELoss;
                                                                   ^
In file included from input_line_11:1:
/home/ivan/work/macro/be10_Nov/parallel/calcEnergies/calcEnergies.C:435:23: error: member access into incomplete type 'TELoss'
      e_4 = f3HeTarget->GetE0(e_4,thickness);
                      ^
TELossCint dictionary forward declarations' payload:5:68: note: forward declaration of 'TELoss'
class __attribute__((annotate("$clingAutoload$TELoss/TELoss.h")))  TELoss;
                                                                   ^
In file included from input_line_11:1:
/home/ivan/work/macro/be10_Nov/parallel/calcEnergies/calcEnergies.C:559:16: error: allocation of incomplete type 'TELoss'
  f3HeSi = new TELoss();
               ^~~~~~
TELossCint dictionary forward declarations' payload:5:68: note: forward declaration of 'TELoss'
class __attribute__((annotate("$clingAutoload$TELoss/TELoss.h")))  TELoss;
                                                                   ^
In file included from input_line_11:1:
/home/ivan/work/macro/be10_Nov/parallel/calcEnergies/calcEnergies.C:560:9: error: member access into incomplete type 'TELoss'
  f3HeSi->SetEL(1, 2.321); // density in g/cm3
        ^
TELossCint dictionary forward declarations' payload:5:68: note: forward declaration of 'TELoss'
class __attribute__((annotate("$clingAutoload$TELoss/TELoss.h")))  TELoss;
                                                                   ^
In file included from input_line_11:1:
/home/ivan/work/macro/be10_Nov/parallel/calcEnergies/calcEnergies.C:561:9: error: member access into incomplete type 'TELoss'
  f3HeSi->AddEL(14., 28.086, 1);  //Z, mass
        ^
TELossCint dictionary forward declarations' payload:5:68: note: forward declaration of 'TELoss'
class __attribute__((annotate("$clingAutoload$TELoss/TELoss.h")))  TELoss;
                                                                   ^
fatal error: too many errors emitted, stopping now [-ferror-limit=]
